<?xml version="1.0" encoding="UTF-8"?>
<testng-results ignored="0" total="7" passed="7" failed="0" skipped="0">
  <reporter-output>
  </reporter-output>
  <suite started-at="2020-12-31T16:58:08 EST" name="Default suite" finished-at="2020-12-31T17:05:38 EST" duration-ms="449405">
    <groups>
    </groups>
    <test started-at="2020-12-31T16:58:08 EST" name="Default test" finished-at="2020-12-31T17:05:38 EST" duration-ms="449405">
      <class name="testcases.loginrunDriver">
        <test-method signature="userlogin()[pri:0, instance:testcases.loginrunDriver@6ab778a]" started-at="2020-12-31T16:58:08 EST" name="userlogin" finished-at="2020-12-31T16:58:57 EST" duration-ms="49172" status="PASS">
          <reporter-output>
          </reporter-output>
        </test-method> <!-- userlogin -->
      </class> <!-- testcases.loginrunDriver -->
      <class name="testcases.homerunDriver">
        <test-method signature="userlogin()[pri:0, instance:testcases.homerunDriver@4e3958e7]" started-at="2020-12-31T16:58:58 EST" name="userlogin" finished-at="2020-12-31T16:59:10 EST" duration-ms="12032" status="PASS">
          <reporter-output>
          </reporter-output>
        </test-method> <!-- userlogin -->
      </class> <!-- testcases.homerunDriver -->
      <class name="testcases.buymiceDriver">
        <test-method signature="userlogin()[pri:0, instance:testcases.buymiceDriver@77f80c04]" started-at="2020-12-31T16:59:10 EST" name="userlogin" finished-at="2020-12-31T17:00:24 EST" duration-ms="74209" status="PASS">
          <reporter-output>
          </reporter-output>
        </test-method> <!-- userlogin -->
      </class> <!-- testcases.buymiceDriver -->
      <class name="testcases.buyheadphoneDriver">
        <test-method signature="userlogin()[pri:0, instance:testcases.buyheadphoneDriver@1dac5ef]" started-at="2020-12-31T17:00:24 EST" name="userlogin" finished-at="2020-12-31T17:01:38 EST" duration-ms="74027" status="PASS">
          <reporter-output>
          </reporter-output>
        </test-method> <!-- userlogin -->
      </class> <!-- testcases.buyheadphoneDriver -->
      <class name="testcases.buyspeakerDriver">
        <test-method signature="userlogin()[pri:0, instance:testcases.buyspeakerDriver@5c90e579]" started-at="2020-12-31T17:01:38 EST" name="userlogin" finished-at="2020-12-31T17:02:52 EST" duration-ms="73902" status="PASS">
          <reporter-output>
          </reporter-output>
        </test-method> <!-- userlogin -->
      </class> <!-- testcases.buyspeakerDriver -->
      <class name="testcases.buytabletDriver">
        <test-method signature="userlogin()[pri:0, instance:testcases.buytabletDriver@58ea606c]" started-at="2020-12-31T17:02:52 EST" name="userlogin" finished-at="2020-12-31T17:04:06 EST" duration-ms="73910" status="PASS">
          <reporter-output>
          </reporter-output>
        </test-method> <!-- userlogin -->
      </class> <!-- testcases.buytabletDriver -->
      <class name="testcases.searchrunDriver">
        <test-method signature="userlogin()[pri:0, instance:testcases.searchrunDriver@6f45df59]" started-at="2020-12-31T17:04:06 EST" name="userlogin" finished-at="2020-12-31T17:05:38 EST" duration-ms="92056" status="PASS">
          <reporter-output>
          </reporter-output>
        </test-method> <!-- userlogin -->
      </class> <!-- testcases.searchrunDriver -->
    </test> <!-- Default test -->
  </suite> <!-- Default suite -->
</testng-results>
