<?xml version="1.0" encoding="UTF-8"?>
<!-- Generated by org.testng.reporters.JUnitXMLReporter -->
<testsuite ignored="0" hostname="DESKTOP-NKM0A9P" failures="0" tests="7" name="Default test" time="449.405" errors="0" timestamp="2020-12-31T17:05:38 EST">
  <testcase classname="testcases.loginrunDriver" name="userlogin" time="49.172"/>
  <testcase classname="testcases.homerunDriver" name="userlogin" time="12.032"/>
  <testcase classname="testcases.buymiceDriver" name="userlogin" time="74.209"/>
  <testcase classname="testcases.buyheadphoneDriver" name="userlogin" time="74.027"/>
  <testcase classname="testcases.buyspeakerDriver" name="userlogin" time="73.902"/>
  <testcase classname="testcases.buytabletDriver" name="userlogin" time="73.91"/>
  <testcase classname="testcases.searchrunDriver" name="userlogin" time="92.056"/>
</testsuite> <!-- Default test -->
